<?xml version="1.0" encoding="UTF-8"?>
<!-- Generated by org.testng.reporters.JUnitReportReporter -->
<testsuite skipped="0" hostname="BDC6-DX-6CWFNK2" name="com.Test.firstproject" tests="1" failures="0" timestamp="13 Jun 2019 04:19:13 GMT" time="0.008" errors="0">
  <testcase name="testGoogleHomepage" time="0.008" classname="com.Test.firstproject"/>
</testsuite> <!-- com.Test.firstproject -->
