<?xml version="1.0" encoding="UTF-8"?>
<!-- Generated by org.testng.reporters.JUnitReportReporter -->
<testsuite skipped="0" hostname="BDC6-DX-6CWFNK2" name="com.Test.Dataprovider" tests="3" failures="0" timestamp="13 Jun 2019 05:35:34 GMT" time="0.018" errors="0">
  <testcase name="testdata" time="0.005" classname="com.Test.Dataprovider"/>
  <testcase name="testdata" time="0.001" classname="com.Test.Dataprovider"/>
  <testcase name="testdata" time="0.012" classname="com.Test.Dataprovider"/>
</testsuite> <!-- com.Test.Dataprovider -->
